<?xml version="1.0" encoding="UTF-8"?>
<testng-results skipped="0" failed="0" total="3" passed="3">
  <reporter-output>
  </reporter-output>
  <suite name="suite1" duration-ms="25739" started-at="2020-06-16T18:01:32Z" finished-at="2020-06-16T18:01:57Z">
    <groups>
    </groups>
    <test name="test1" duration-ms="25739" started-at="2020-06-16T18:01:32Z" finished-at="2020-06-16T18:01:57Z">
      <class name="com.testng.A2WebsiteOpen">
        <test-method status="PASS" signature="beforeTest()" name="beforeTest" is-config="true" duration-ms="4602" started-at="2020-06-16T18:01:32Z" finished-at="2020-06-16T18:01:36Z">
        </test-method>
        <test-method status="PASS" signature="dropDown()" name="dropDown" duration-ms="5812" started-at="2020-06-16T18:01:36Z" finished-at="2020-06-16T18:01:42Z">
        </test-method>
        <test-method status="PASS" signature="afterTest()" name="afterTest" is-config="true" duration-ms="1387" started-at="2020-06-16T18:01:42Z" finished-at="2020-06-16T18:01:43Z">
        </test-method>
        <test-method status="PASS" signature="beforeTest()" name="beforeTest" is-config="true" duration-ms="4571" started-at="2020-06-16T18:01:43Z" finished-at="2020-06-16T18:01:48Z">
        </test-method>
        <test-method status="PASS" signature="formFill()" name="formFill" duration-ms="5875" started-at="2020-06-16T18:01:48Z" finished-at="2020-06-16T18:01:54Z">
        </test-method>
        <test-method status="PASS" signature="afterTest()" name="afterTest" is-config="true" duration-ms="3467" started-at="2020-06-16T18:01:54Z" finished-at="2020-06-16T18:01:57Z">
        </test-method>
      </class>
      <class name="com.testng.A1NewTest">
        <test-method status="PASS" signature="firstTestNGTest()" name="firstTestNGTest" duration-ms="11" started-at="2020-06-16T18:01:32Z" finished-at="2020-06-16T18:01:32Z">
        </test-method>
      </class>
    </test>
  </suite>
</testng-results>
