<?xml version="1.0" encoding="UTF-8"?>
<testng-results skipped="0" failed="1" total="3" passed="2">
  <reporter-output>
  </reporter-output>
  <suite name="qasuite1" duration-ms="12880" started-at="2020-06-21T19:51:38Z" finished-at="2020-06-21T19:51:51Z">
    <groups>
      <group name="sprint3-regression">
        <method signature="com.testng.A1NewTest.websiteTitleTest()" name="websiteTitleTest" class="com.testng.A1NewTest"/>
        <method signature="com.testng.A2WebsiteOpen.dropDown()" name="dropDown" class="com.testng.A2WebsiteOpen"/>
      </group>
    </groups>
    <test name="testqa" duration-ms="12880" started-at="2020-06-21T19:51:38Z" finished-at="2020-06-21T19:51:51Z">
      <class name="com.testng.A2WebsiteOpen">
        <test-method status="PASS" signature="beforeTest()" name="beforeTest" is-config="true" duration-ms="4375" started-at="2020-06-21T19:51:38Z" finished-at="2020-06-21T19:51:42Z">
        </test-method>
        <test-method status="PASS" signature="dropDown()" name="dropDown" duration-ms="5977" started-at="2020-06-21T19:51:42Z" finished-at="2020-06-21T19:51:48Z">
        </test-method>
        <test-method status="PASS" signature="afterTest()" name="afterTest" is-config="true" duration-ms="2491" started-at="2020-06-21T19:51:48Z" finished-at="2020-06-21T19:51:51Z">
        </test-method>
        <test-method status="FAIL" signature="formFill(java.lang.String, java.lang.String)" name="formFill" duration-ms="0" started-at="2020-06-21T19:51:51Z" finished-at="2020-06-21T19:51:51Z">
          <exception class="org.testng.TestNGException">
            <message>
              <![CDATA[
Parameter 'username' is required by @Test on method formFill
but has not been marked @Optional or defined in /Users/gopalkhanal/Desktop/QA/AutomationGopal/src/main/resources/testng.xml]]>
            </message>
            <full-stacktrace>
              <![CDATA[org.testng.TestNGException: 
Parameter 'username' is required by @Test on method formFill
but has not been marked @Optional or defined in /Users/gopalkhanal/Desktop/QA/AutomationGopal/src/main/resources/testng.xml
	at org.testng.internal.Parameters.createParameters(Parameters.java:144)
	at org.testng.internal.Parameters.createParameters(Parameters.java:323)
	at org.testng.internal.Parameters.handleParameters(Parameters.java:414)
	at org.testng.internal.Invoker.handleParameters(Invoker.java:1315)
	at org.testng.internal.Invoker.createParameters(Invoker.java:1022)
	at org.testng.internal.Invoker.invokeTestMethods(Invoker.java:1122)
	at org.testng.internal.TestMethodWorker.invokeTestMethods(TestMethodWorker.java:125)
	at org.testng.internal.TestMethodWorker.run(TestMethodWorker.java:109)
	at org.testng.TestRunner.runWorkers(TestRunner.java:1147)
	at org.testng.TestRunner.privateRun(TestRunner.java:749)
	at org.testng.TestRunner.run(TestRunner.java:600)
	at org.testng.SuiteRunner.runTest(SuiteRunner.java:317)
	at org.testng.SuiteRunner.runSequentially(SuiteRunner.java:312)
	at org.testng.SuiteRunner.privateRun(SuiteRunner.java:274)
	at org.testng.SuiteRunner.run(SuiteRunner.java:223)
	at org.testng.SuiteRunnerWorker.runSuite(SuiteRunnerWorker.java:52)
	at org.testng.SuiteRunnerWorker.run(SuiteRunnerWorker.java:86)
	at org.testng.TestNG.runSuitesSequentially(TestNG.java:1039)
	at org.testng.TestNG.runSuitesLocally(TestNG.java:964)
	at org.testng.TestNG.run(TestNG.java:900)
	at org.testng.remote.AbstractRemoteTestNG.run(AbstractRemoteTestNG.java:114)
	at org.testng.remote.RemoteTestNG.initAndRun(RemoteTestNG.java:251)
	at org.testng.remote.RemoteTestNG.main(RemoteTestNG.java:77)
]]>
            </full-stacktrace>
          </exception>
        </test-method>
      </class>
      <class name="com.testng.A1NewTest">
        <test-method status="PASS" signature="websiteTitleTest()" name="websiteTitleTest" duration-ms="12" started-at="2020-06-21T19:51:38Z" finished-at="2020-06-21T19:51:38Z">
        </test-method>
      </class>
    </test>
  </suite>
</testng-results>
